<?xml version="1.0" encoding="UTF-8"?>
<!-- Generated by org.testng.reporters.JUnitReportReporter -->
<testsuite skipped="0" hostname="ASDP1749PO02529" name="testngpom.TatocTest" tests="3" failures="0" timestamp="27 Jun 2018 10:42:06 GMT" time="1.043" errors="0">
  <testcase name="gridGateRed" time="0.244" classname="testngpom.TatocTest"/>
  <testcase name="gridGateGreen" time="0.490" classname="testngpom.TatocTest"/>
  <testcase name="differentBoxes" time="0.309" classname="testngpom.TatocTest"/>
</testsuite> <!-- testngpom.TatocTest -->
